4 4.0 0.014008222000484238
25 28.033333333333335 0.07063237100010156
16 16.0 0.06851519999872835
34 35.56666666666667 0.13551631900008942
49 50.2 0.18009719399924506
30 32.666666666666664 0.10160947999975178
128 131.3 3.0692726360011875
194 202.7 1.6135706379991461
201 204.53333333333333 1.5083714489992417
453 459.76666666666665 4.081407074998424
218 226.83333333333334 2.35321701400062
263 279.6666666666667 5.891877404999832
496 505.8 5.390997417000108
1037 1051.8666666666666 18.528285915001106
1315 1406.2 54.70898505100013
1460 1507.6666666666667 124.06887602200004
2448 2469.0333333333333 97.92648867599928
152 162.16666666666666 14.581216265996773
435 471.93333333333334 46.628490964001685
3630 4408.466666666666 627.2092668579999
10903 11685.2 2907.916153290993
25023 25482.133333333335 18899.43233980605