4 4.0 0.007617403000040213
26 28.266666666666666 0.015866864999225072
16 16.133333333333333 0.012599988999681955
34 37.63333333333333 0.024027132999435707
50 50.666666666666664 0.02551447200039547
30 32.3 0.01508248200025264
141 148.2 0.27049757999975554
197 213.6 0.1669588639997528
201 203.76666666666668 0.0986724279991904
455 460.7 0.26340224300020054
250 260.93333333333334 0.1723727559992767
305 361.6333333333333 0.5912371290005467
498 505.3 0.3205572590004522
1044 1058.7666666666667 0.9235283109992452
1357 1403.4333333333334 2.2704085889999988
1899 1986.3333333333333 5.046524110000064
2486 2520.133333333333 3.75259759400069
160 182.03333333333333 0.9592068160000053
598 647.5 2.709266490999653
3768 5309.033333333334 49.546564829999625
6419 12431.6 271.0698492899992
28905 29417.4 964.1425431240023